<?xml version="1.0" encoding="UTF-8"?>
<testng-results skipped="0" failed="1" ignored="0" total="3" passed="2">
  <reporter-output>
  </reporter-output>
  <suite name="test_Scenatios.TestMethods_GoogleSearch" duration-ms="19592" started-at="2022-07-07T03:13:17 EDT" finished-at="2022-07-07T03:13:37 EDT">
    <groups>
    </groups>
    <test name="Command line test" duration-ms="19592" started-at="2022-07-07T03:13:17 EDT" finished-at="2022-07-07T03:13:37 EDT">
      <class name="test_Scenatios.TestMethods_GoogleSearch">
        <test-method status="PASS" signature="beforetest()[pri:0, instance:test_Scenatios.TestMethods_GoogleSearch@694e1548]" name="beforetest" is-config="true" duration-ms="4088" started-at="2022-07-07T03:13:17 EDT" finished-at="2022-07-07T03:13:21 EDT">
          <reporter-output>
          </reporter-output>
        </test-method> <!-- beforetest -->
        <test-method status="PASS" signature="SearchOperation()[pri:0, instance:test_Scenatios.TestMethods_GoogleSearch@694e1548]" name="SearchOperation" duration-ms="4473" started-at="2022-07-07T03:13:21 EDT" finished-at="2022-07-07T03:13:26 EDT">
          <reporter-output>
          </reporter-output>
        </test-method> <!-- SearchOperation -->
        <test-method status="PASS" signature="VerifyandAccessFacebook()[pri:1, instance:test_Scenatios.TestMethods_GoogleSearch@694e1548]" name="VerifyandAccessFacebook" duration-ms="2996" started-at="2022-07-07T03:13:26 EDT" finished-at="2022-07-07T03:13:29 EDT">
          <reporter-output>
          </reporter-output>
        </test-method> <!-- VerifyandAccessFacebook -->
        <test-method status="FAIL" signature="VerifyLogin()[pri:2, instance:test_Scenatios.TestMethods_GoogleSearch@694e1548]" name="VerifyLogin" duration-ms="6959" started-at="2022-07-07T03:13:29 EDT" finished-at="2022-07-07T03:13:36 EDT">
          <exception class="java.lang.AssertionError">
            <message>
              <![CDATA[expected [Login page] but found [Log into Facebook]]]>
            </message>
            <full-stacktrace>
              <![CDATA[java.lang.AssertionError: expected [Login page] but found [Log into Facebook]
at org.testng.Assert.fail(Assert.java:99)
at org.testng.Assert.failNotEquals(Assert.java:1037)
at org.testng.Assert.assertEqualsImpl(Assert.java:140)
at org.testng.Assert.assertEquals(Assert.java:122)
at org.testng.Assert.assertEquals(Assert.java:629)
at org.testng.Assert.assertEquals(Assert.java:639)
at objects.Facebookpage.VerifyLogin(Facebookpage.java:32)
at test_Scenatios.TestMethods_GoogleSearch.VerifyLogin(TestMethods_GoogleSearch.java:48)
at sun.reflect.NativeMethodAccessorImpl.invoke0(Native Method)
at sun.reflect.NativeMethodAccessorImpl.invoke(NativeMethodAccessorImpl.java:62)
at sun.reflect.DelegatingMethodAccessorImpl.invoke(DelegatingMethodAccessorImpl.java:43)
at java.lang.reflect.Method.invoke(Method.java:498)
at org.testng.internal.MethodInvocationHelper.invokeMethod(MethodInvocationHelper.java:133)
at org.testng.internal.TestInvoker.invokeMethod(TestInvoker.java:598)
at org.testng.internal.TestInvoker.invokeTestMethod(TestInvoker.java:173)
at org.testng.internal.MethodRunner.runInSequence(MethodRunner.java:46)
at org.testng.internal.TestInvoker$MethodInvocationAgent.invoke(TestInvoker.java:824)
at org.testng.internal.TestInvoker.invokeTestMethods(TestInvoker.java:146)
at org.testng.internal.TestMethodWorker.invokeTestMethods(TestMethodWorker.java:146)
at org.testng.internal.TestMethodWorker.run(TestMethodWorker.java:128)
at java.util.ArrayList.forEach(ArrayList.java:1257)
at org.testng.TestRunner.privateRun(TestRunner.java:794)
at org.testng.TestRunner.run(TestRunner.java:596)
at org.testng.SuiteRunner.runTest(SuiteRunner.java:377)
at org.testng.SuiteRunner.runSequentially(SuiteRunner.java:371)
at org.testng.SuiteRunner.privateRun(SuiteRunner.java:332)
at org.testng.SuiteRunner.run(SuiteRunner.java:276)
at org.testng.SuiteRunnerWorker.runSuite(SuiteRunnerWorker.java:53)
at org.testng.SuiteRunnerWorker.run(SuiteRunnerWorker.java:96)
at org.testng.TestNG.runSuitesSequentially(TestNG.java:1212)
at org.testng.TestNG.runSuitesLocally(TestNG.java:1134)
at org.testng.TestNG.runSuites(TestNG.java:1063)
at org.testng.TestNG.run(TestNG.java:1031)
at org.apache.maven.surefire.testng.TestNGExecutor.run(TestNGExecutor.java:77)
at org.apache.maven.surefire.testng.TestNGDirectoryTestSuite.execute(TestNGDirectoryTestSuite.java:110)
at org.apache.maven.surefire.testng.TestNGProvider.invoke(TestNGProvider.java:106)
at sun.reflect.NativeMethodAccessorImpl.invoke0(Native Method)
at sun.reflect.NativeMethodAccessorImpl.invoke(NativeMethodAccessorImpl.java:62)
at sun.reflect.DelegatingMethodAccessorImpl.invoke(DelegatingMethodAccessorImpl.java:43)
at java.lang.reflect.Method.invoke(Method.java:498)
at org.apache.maven.surefire.util.ReflectionUtils.invokeMethodWithArray(ReflectionUtils.java:189)
at org.apache.maven.surefire.booter.ProviderFactory$ProviderProxy.invoke(ProviderFactory.java:165)
at org.apache.maven.surefire.booter.ProviderFactory.invokeProvider(ProviderFactory.java:85)
at org.apache.maven.surefire.booter.ForkedBooter.runSuitesInProcess(ForkedBooter.java:115)
at org.apache.maven.surefire.booter.ForkedBooter.main(ForkedBooter.java:75)
]]>
            </full-stacktrace>
          </exception> <!-- java.lang.AssertionError -->
          <reporter-output>
          </reporter-output>
        </test-method> <!-- VerifyLogin -->
        <test-method status="PASS" signature="aftertest()[pri:0, instance:test_Scenatios.TestMethods_GoogleSearch@694e1548]" name="aftertest" is-config="true" duration-ms="989" started-at="2022-07-07T03:13:36 EDT" finished-at="2022-07-07T03:13:37 EDT">
          <reporter-output>
          </reporter-output>
        </test-method> <!-- aftertest -->
      </class> <!-- test_Scenatios.TestMethods_GoogleSearch -->
    </test> <!-- Command line test -->
  </suite> <!-- test_Scenatios.TestMethods_GoogleSearch -->
</testng-results>
