<?xml version="1.0" encoding="UTF-8"?>
<testng-results skipped="0" failed="1" ignored="0" total="3" passed="2">
  <reporter-output>
  </reporter-output>
  <suite name="Suite" duration-ms="22087" started-at="2022-07-07T03:06:14 EDT" finished-at="2022-07-07T03:06:36 EDT">
    <groups>
    </groups>
    <test name="Test" duration-ms="22087" started-at="2022-07-07T03:06:14 EDT" finished-at="2022-07-07T03:06:36 EDT">
      <class name="test_Scenatios.TestMethods_GoogleSearch">
        <test-method status="PASS" signature="beforetest()[pri:0, instance:test_Scenatios.TestMethods_GoogleSearch@74a10858]" name="beforetest" is-config="true" duration-ms="4095" started-at="2022-07-07T03:06:14 EDT" finished-at="2022-07-07T03:06:18 EDT">
          <reporter-output>
          </reporter-output>
        </test-method> <!-- beforetest -->
        <test-method status="PASS" signature="SearchOperation()[pri:0, instance:test_Scenatios.TestMethods_GoogleSearch@74a10858]" name="SearchOperation" duration-ms="4581" started-at="2022-07-07T03:06:18 EDT" finished-at="2022-07-07T03:06:22 EDT">
          <reporter-output>
          </reporter-output>
        </test-method> <!-- SearchOperation -->
        <test-method status="PASS" signature="VerifyandAccessFacebook()[pri:1, instance:test_Scenatios.TestMethods_GoogleSearch@74a10858]" name="VerifyandAccessFacebook" duration-ms="2645" started-at="2022-07-07T03:06:22 EDT" finished-at="2022-07-07T03:06:25 EDT">
          <reporter-output>
          </reporter-output>
        </test-method> <!-- VerifyandAccessFacebook -->
        <test-method status="FAIL" signature="VerifyLogin()[pri:2, instance:test_Scenatios.TestMethods_GoogleSearch@74a10858]" name="VerifyLogin" duration-ms="9900" started-at="2022-07-07T03:06:25 EDT" finished-at="2022-07-07T03:06:35 EDT">
          <exception class="java.lang.AssertionError">
            <message>
              <![CDATA[expected [Login page] but found []]]>
            </message>
            <full-stacktrace>
              <![CDATA[java.lang.AssertionError: expected [Login page] but found []
at org.testng.Assert.fail(Assert.java:99)
at org.testng.Assert.failNotEquals(Assert.java:1037)
at org.testng.Assert.assertEqualsImpl(Assert.java:140)
at org.testng.Assert.assertEquals(Assert.java:122)
at org.testng.Assert.assertEquals(Assert.java:629)
at org.testng.Assert.assertEquals(Assert.java:639)
at objects.Facebookpage.VerifyLogin(Facebookpage.java:32)
at test_Scenatios.TestMethods_GoogleSearch.VerifyLogin(TestMethods_GoogleSearch.java:48)
at sun.reflect.NativeMethodAccessorImpl.invoke0(Native Method)
at sun.reflect.NativeMethodAccessorImpl.invoke(NativeMethodAccessorImpl.java:62)
at sun.reflect.DelegatingMethodAccessorImpl.invoke(DelegatingMethodAccessorImpl.java:43)
at java.lang.reflect.Method.invoke(Method.java:498)
at org.testng.internal.MethodInvocationHelper.invokeMethod(MethodInvocationHelper.java:133)
at org.testng.internal.TestInvoker.invokeMethod(TestInvoker.java:598)
at org.testng.internal.TestInvoker.invokeTestMethod(TestInvoker.java:173)
at org.testng.internal.MethodRunner.runInSequence(MethodRunner.java:46)
at org.testng.internal.TestInvoker$MethodInvocationAgent.invoke(TestInvoker.java:824)
at org.testng.internal.TestInvoker.invokeTestMethods(TestInvoker.java:146)
at org.testng.internal.TestMethodWorker.invokeTestMethods(TestMethodWorker.java:146)
at org.testng.internal.TestMethodWorker.run(TestMethodWorker.java:128)
at java.util.ArrayList.forEach(ArrayList.java:1257)
at org.testng.TestRunner.privateRun(TestRunner.java:794)
at org.testng.TestRunner.run(TestRunner.java:596)
at org.testng.SuiteRunner.runTest(SuiteRunner.java:377)
at org.testng.SuiteRunner.runSequentially(SuiteRunner.java:371)
at org.testng.SuiteRunner.privateRun(SuiteRunner.java:332)
at org.testng.SuiteRunner.run(SuiteRunner.java:276)
at org.testng.SuiteRunnerWorker.runSuite(SuiteRunnerWorker.java:53)
at org.testng.SuiteRunnerWorker.run(SuiteRunnerWorker.java:96)
at org.testng.TestNG.runSuitesSequentially(TestNG.java:1212)
at org.testng.TestNG.runSuitesLocally(TestNG.java:1134)
at org.testng.TestNG.runSuites(TestNG.java:1063)
at org.testng.TestNG.run(TestNG.java:1031)
at org.testng.remote.AbstractRemoteTestNG.run(AbstractRemoteTestNG.java:115)
at org.testng.remote.RemoteTestNG.initAndRun(RemoteTestNG.java:251)
at org.testng.remote.RemoteTestNG.main(RemoteTestNG.java:77)
]]>
            </full-stacktrace>
          </exception> <!-- java.lang.AssertionError -->
          <reporter-output>
          </reporter-output>
        </test-method> <!-- VerifyLogin -->
        <test-method status="PASS" signature="aftertest()[pri:0, instance:test_Scenatios.TestMethods_GoogleSearch@74a10858]" name="aftertest" is-config="true" duration-ms="788" started-at="2022-07-07T03:06:35 EDT" finished-at="2022-07-07T03:06:36 EDT">
          <reporter-output>
          </reporter-output>
        </test-method> <!-- aftertest -->
      </class> <!-- test_Scenatios.TestMethods_GoogleSearch -->
    </test> <!-- Test -->
  </suite> <!-- Suite -->
</testng-results>
